[2021-05-14/14:04:15] <::1> GET 200 http://localhost:5000/api/posts/?page=1 (application/json) (Chrome 90.0.4430.93) (Blink 90.0.4430.93) (Windows 10) (amd64)
[2021-05-14/14:21:49] <::1> GET 200 http://localhost:5000/api/posts/?page=1 (application/json) (Chrome 90.0.4430.212) (Blink 90.0.4430.212) (Windows 10) (amd64)
[2021-05-14/14:22:26] <::1> GET 200 http://localhost:5000/api/posts/?page=1 (application/json) (Chrome 90.0.4430.212) (Blink 90.0.4430.212) (Windows 10) (amd64)
[2021-05-14/14:22:28] <::1> GET 200 http://localhost:5000/api/posts/609d14b1a1796e563841fe43 (application/json) (Chrome 90.0.4430.212) (Blink 90.0.4430.212) (Windows 10) (amd64)
[2021-05-14/14:22:29] <::1> GET 200 http://localhost:5000/api/posts/609d14b1a1796e563841fe43 (application/json) (Chrome 90.0.4430.212) (Blink 90.0.4430.212) (Windows 10) (amd64)
[2021-05-14/14:22:34] <::1> GET 200 http://localhost:5000/api/posts/?page=1 (application/json) (Chrome 90.0.4430.212) (Blink 90.0.4430.212) (Windows 10) (amd64)
[2021-05-14/14:22:36] <::1> GET 200 http://localhost:5000/api/posts/?page=1 (application/json) (Chrome 90.0.4430.212) (Blink 90.0.4430.212) (Windows 10) (amd64)
[2021-05-14/14:22:37] <::1> GET 200 http://localhost:5000/api/posts/609d14b1a1796e563841fe43 (application/json) (Chrome 90.0.4430.212) (Blink 90.0.4430.212) (Windows 10) (amd64)
[2021-05-14/14:22:44] <::1> GET 200 http://localhost:5000/api/posts/609d14b1a1796e563841fe43 (application/json) (Chrome 90.0.4430.212) (Blink 90.0.4430.212) (Windows 10) (amd64)
[2021-05-14/14:25:13] <::1> GET 200 http://localhost:5000/api/posts/?page=1 (application/json) (Chrome 90.0.4430.212) (Blink 90.0.4430.212) (Windows 10) (amd64)
[2021-05-14/14:25:14] <::1> GET 200 http://localhost:5000/api/posts/609d14b1a1796e563841fe43 (application/json) (Chrome 90.0.4430.212) (Blink 90.0.4430.212) (Windows 10) (amd64)
[2021-05-14/14:25:16] <::1> GET 200 http://localhost:5000/api/posts/609d14b1a1796e563841fe43 (application/json) (Chrome 90.0.4430.212) (Blink 90.0.4430.212) (Windows 10) (amd64)
[2021-05-14/14:25:16] <::1> GET 200 http://localhost:5000/api/posts/?page=1 (application/json) (Chrome 90.0.4430.212) (Blink 90.0.4430.212) (Windows 10) (amd64)
[2021-05-14/14:25:16] <::1> GET 200 http://localhost:5000/api/posts/609d14b1a1796e563841fe43 (application/json) (Chrome 90.0.4430.212) (Blink 90.0.4430.212) (Windows 10) (amd64)
[2021-05-14/14:25:16] <::1> GET 200 http://localhost:5000/api/posts/?page=1 (application/json) (Chrome 90.0.4430.212) (Blink 90.0.4430.212) (Windows 10) (amd64)
[2021-05-14/14:26:19] <::1> GET 200 http://localhost:5000/api/posts/?page=1 (application/json) (Chrome 90.0.4430.212) (Blink 90.0.4430.212) (Windows 10) (amd64)
[2021-05-14/14:26:20] <::1> GET 200 http://localhost:5000/api/posts/609d14b1a1796e563841fe43 (application/json) (Chrome 90.0.4430.212) (Blink 90.0.4430.212) (Windows 10) (amd64)
[2021-05-14/14:26:21] <::1> GET 200 http://localhost:5000/api/posts/609d14b1a1796e563841fe43 (application/json) (Chrome 90.0.4430.212) (Blink 90.0.4430.212) (Windows 10) (amd64)
[2021-05-14/14:26:21] <::1> GET 200 http://localhost:5000/api/posts/?page=1 (application/json) (Chrome 90.0.4430.212) (Blink 90.0.4430.212) (Windows 10) (amd64)
[2021-05-14/14:26:21] <::1> GET 200 http://localhost:5000/api/posts/609d14b1a1796e563841fe43 (application/json) (Chrome 90.0.4430.212) (Blink 90.0.4430.212) (Windows 10) (amd64)
[2021-05-14/14:26:21] <::1> GET 200 http://localhost:5000/api/posts/?page=1 (application/json) (Chrome 90.0.4430.212) (Blink 90.0.4430.212) (Windows 10) (amd64)
[2021-05-14/14:31:27] <::1> GET 200 http://localhost:5000/api/posts/609d14b1a1796e563841fe43 (application/json) (Chrome 90.0.4430.212) (Blink 90.0.4430.212) (Windows 10) (amd64)
[2021-05-14/14:31:37] <::1> GET 200 http://localhost:5000/api/posts/?page=1 (application/json) (Chrome 90.0.4430.212) (Blink 90.0.4430.212) (Windows 10) (amd64)
[2021-05-14/14:31:52] <::1> GET 200 http://localhost:5000/api/posts/?page=1 (application/json) (Chrome 90.0.4430.212) (Blink 90.0.4430.212) (Windows 10) (amd64)
[2021-05-14/14:31:54] <::1> GET 200 http://localhost:5000/api/posts/609d14b1a1796e563841fe43 (application/json) (Chrome 90.0.4430.212) (Blink 90.0.4430.212) (Windows 10) (amd64)
[2021-05-14/15:24:59] <::1> GET 200 http://localhost:5000/api/posts/?page=1 (application/json) (Chrome 90.0.4430.212) (Blink 90.0.4430.212) (Windows 10) (amd64)
[2021-05-14/15:25:01] <::1> GET 200 http://localhost:5000/api/posts/search/gkstnwjd213@daum.net (application/json) (Chrome 90.0.4430.212) (Blink 90.0.4430.212) (Windows 10) (amd64)
[2021-05-14/15:25:02] <::1> OPTIONS 204 http://localhost:5000/api/auth/login (unknown) (Chrome 90.0.4430.212) (Blink 90.0.4430.212) (Windows 10) (amd64)
[2021-05-14/15:25:02] <::1> POST 200 http://localhost:5000/api/auth/login (application/json) (Chrome 90.0.4430.212) (Blink 90.0.4430.212) (Windows 10) (amd64)
[2021-05-14/15:25:03] <::1> GET 200 http://localhost:5000/api/posts/609d0b1c81db032054d460d5 (application/json) (Chrome 90.0.4430.212) (Blink 90.0.4430.212) (Windows 10) (amd64)
